Copyright 1986-2022 Xilinx, Inc. All Rights Reserved.
------------------------------------------------------------------------------------------------------------------------------------------
| Tool Version : Vivado v.2022.2 (lin64) Build 3671981 Fri Oct 14 04:59:54 MDT 2022
| Date         : Mon Jul  8 19:18:15 2024
| Host         : mothership running 64-bit Nobara release 37 (Thirty Seven)
| Command      : report_drc -file design_1_wrapper_drc_routed.rpt -pb design_1_wrapper_drc_routed.pb -rpx design_1_wrapper_drc_routed.rpx
| Design       : design_1_wrapper
| Device       : xc7z020clg400-1
| Speed File   : -1
| Design State : Fully Routed
------------------------------------------------------------------------------------------------------------------------------------------

Report DRC

Table of Contents
-----------------
1. REPORT SUMMARY
2. REPORT DETAILS

1. REPORT SUMMARY
-----------------
            Netlist: netlist
          Floorplan: design_1
      Design limits: <entire design considered>
           Ruledeck: default
             Max violations: <unlimited>
             Violations found: 4
+--------+----------+--------------------------+------------+
| Rule   | Severity | Description              | Violations |
+--------+----------+--------------------------+------------+
| BUFC-1 | Warning  | Input Buffer Connections | 4          |
+--------+----------+--------------------------+------------+

2. REPORT DETAILS
-----------------
BUFC-1#1 Warning
Input Buffer Connections  
Input buffer SPI_0_0_sck_iobuf/IBUF (in SPI_0_0_sck_iobuf macro) has no loads. It is recommended to have an input buffer drive an internal load.
Related violations: <none>

BUFC-1#2 Warning
Input Buffer Connections  
Input buffer SPI_0_0_ss_iobuf_0/IBUF (in SPI_0_0_ss_iobuf_0 macro) has no loads. It is recommended to have an input buffer drive an internal load.
Related violations: <none>

BUFC-1#3 Warning
Input Buffer Connections  
Input buffer SPI_0_1_sck_iobuf/IBUF (in SPI_0_1_sck_iobuf macro) has no loads. It is recommended to have an input buffer drive an internal load.
Related violations: <none>

BUFC-1#4 Warning
Input Buffer Connections  
Input buffer SPI_0_1_ss_iobuf_0/IBUF (in SPI_0_1_ss_iobuf_0 macro) has no loads. It is recommended to have an input buffer drive an internal load.
Related violations: <none>


